<?xml version="1.0" encoding="UTF-8"?>
<testsuite name="TestSuite" time="404.623" tests="12" errors="0" skipped="2" failures="2">
  <properties>
[...]
</properties>
  <testcase name="registrationForm" classname="com.quiksilver.test.AccountRegistrationTest" time="28.287"/>
  <testcase name="fromHomeToPDP" classname="com.quiksilver.test.AddToCartFromPdpTest" time="44.404"/>
  <testcase name="getToStep1GuestCheckout" classname="com.quiksilver.test.GuestCheckoutExpressAmexTest" time="106.216">
    <failure message="Timed out after 15 seconds waiting for presence of element located by: By.xpath: //a[contains(@href,&apos;en_US/Cart-Show&apos;)]&#10;Build info: version: &apos;2.42.2&apos;, revision: &apos;6a6995d31c7c56c340d6f45a76976d43506cd6cc&apos;, time: &apos;2014-06-03 10:52:47&apos;&#10;System info: host: &apos;PUNRAZ.local&apos;, ip: &apos;10.37.129.2&apos;, os.name: &apos;Mac OS X&apos;, os.arch: &apos;x86_64&apos;, os.version: &apos;10.7.5&apos;, java.version: &apos;1.7.0_07&apos;&#10;Driver info: driver.version: unknown" type="org.openqa.selenium.TimeoutException">org.openqa.selenium.TimeoutException: Timed out after 15 seconds waiting for presence of element located by: By.xpath: //a[contains(@href,'en_US/Cart-Show')]
Build info: version: '2.42.2', revision: '6a6995d31c7c56c340d6f45a76976d43506cd6cc', time: '2014-06-03 10:52:47'
System info: host: 'PUNRAZ.local', ip: '10.37.129.2', os.name: 'Mac OS X', os.arch: 'x86_64', os.version: '10.7.5', java.version: '1.7.0_07'
Driver info: driver.version: unknown
	at sun.reflect.GeneratedConstructorAccessor15.newInstance(Unknown Source)
	at sun.reflect.DelegatingConstructorAccessorImpl.newInstance(DelegatingConstructorAccessorImpl.java:45)
	at java.lang.reflect.Constructor.newInstance(Constructor.java:525)
	at org.openqa.selenium.remote.ErrorHandler.createThrowable(ErrorHandler.java:193)
	at org.openqa.selenium.remote.ErrorHandler.throwIfResponseFailed(ErrorHandler.java:145)
	at org.openqa.selenium.remote.RemoteWebDriver.execute(RemoteWebDriver.java:554)
	at org.openqa.selenium.remote.RemoteWebDriver.findElement(RemoteWebDriver.java:307)
	at org.openqa.selenium.remote.RemoteWebDriver.findElementByXPath(RemoteWebDriver.java:404)
	at org.openqa.selenium.By$ByXPath.findElement(By.java:357)
	at org.openqa.selenium.remote.RemoteWebDriver.findElement(RemoteWebDriver.java:299)
	at org.openqa.selenium.support.ui.ExpectedConditions.findElement(ExpectedConditions.java:730)
	at org.openqa.selenium.support.ui.ExpectedConditions.access$000(ExpectedConditions.java:39)
	at org.openqa.selenium.support.ui.ExpectedConditions$3.apply(ExpectedConditions.java:106)
	at org.openqa.selenium.support.ui.ExpectedConditions$3.apply(ExpectedConditions.java:103)
	at org.openqa.selenium.support.ui.FluentWait.until(FluentWait.java:208)
	at com.quiksilver.util.CommonMethods.fromMiniCartToCart(CommonMethods.java:1592)
	at com.quiksilver.test.GuestCheckoutExpressAmexTest.getToStep1GuestCheckout(GuestCheckoutExpressAmexTest.java:64)
</failure>
    <system-out><![CDATA[Geo popup not triggered/present
NOT logged in. Logout link is not present 
inside catch
About to click ADD TO CART
]]></system-out>
    <system-err><![CDATA[Starting ChromeDriobjc[8589]:v Objecer (v2.9.248307) t 0on xd67490 of class NSThread autoreleased pwitort 46394
h no pool in place - just leaking - break on objc_autoreleaseNoPool() to debug
]]></system-err>
  </testcase>
  <testcase name="testGuestCheckoutAmex" classname="com.quiksilver.test.GuestCheckoutExpressAmexTest" time="0">
    <skipped/>
  </testcase>
  <testcase name="fillOutStep1InscriptionForm" classname="com.quiksilver.test.GuestCheckoutMultiPaymentWithDataProvider" time="26.878"/>
  <testcase name="fillOutStep1InscriptionForm" classname="com.quiksilver.test.GuestCheckoutMultiPaymentWithDataProvider" time="23.409"/>
  <testcase name="testGuestCheckoutVisa" classname="com.quiksilver.test.GuestVisaCheckoutTest" time="19.574"/>
  <testcase name="checkoutSignInRegistered" classname="com.quiksilver.test.LoginTest" time="13.001"/>
  <testcase name="checkoutSignInRegistered" classname="com.quiksilver.test.LoginTest" time="11.521"/>
  <testcase name="searchForItemGetToCheckout" classname="com.quiksilver.test.SearchForItemGuestCheckoutTest" time="129.04">
    <failure message="Timed out after 15 seconds waiting for presence of element located by: By.xpath: //a[contains(@href,&apos;en_US/Cart-Show&apos;)]&#10;Build info: version: &apos;2.42.2&apos;, revision: &apos;6a6995d31c7c56c340d6f45a76976d43506cd6cc&apos;, time: &apos;2014-06-03 10:52:47&apos;&#10;System info: host: &apos;PUNRAZ.local&apos;, ip: &apos;10.37.129.2&apos;, os.name: &apos;Mac OS X&apos;, os.arch: &apos;x86_64&apos;, os.version: &apos;10.7.5&apos;, java.version: &apos;1.7.0_07&apos;&#10;Driver info: driver.version: unknown" type="org.openqa.selenium.TimeoutException">org.openqa.selenium.TimeoutException: Timed out after 15 seconds waiting for presence of element located by: By.xpath: //a[contains(@href,'en_US/Cart-Show')]
Build info: version: '2.42.2', revision: '6a6995d31c7c56c340d6f45a76976d43506cd6cc', time: '2014-06-03 10:52:47'
System info: host: 'PUNRAZ.local', ip: '10.37.129.2', os.name: 'Mac OS X', os.arch: 'x86_64', os.version: '10.7.5', java.version: '1.7.0_07'
Driver info: driver.version: unknown
	at sun.reflect.GeneratedConstructorAccessor15.newInstance(Unknown Source)
	at sun.reflect.DelegatingConstructorAccessorImpl.newInstance(DelegatingConstructorAccessorImpl.java:45)
	at java.lang.reflect.Constructor.newInstance(Constructor.java:525)
	at org.openqa.selenium.remote.ErrorHandler.createThrowable(ErrorHandler.java:193)
	at org.openqa.selenium.remote.ErrorHandler.throwIfResponseFailed(ErrorHandler.java:145)
	at org.openqa.selenium.remote.RemoteWebDriver.execute(RemoteWebDriver.java:554)
	at org.openqa.selenium.remote.RemoteWebDriver.findElement(RemoteWebDriver.java:307)
	at org.openqa.selenium.remote.RemoteWebDriver.findElementByXPath(RemoteWebDriver.java:404)
	at org.openqa.selenium.By$ByXPath.findElement(By.java:357)
	at org.openqa.selenium.remote.RemoteWebDriver.findElement(RemoteWebDriver.java:299)
	at org.openqa.selenium.support.ui.ExpectedConditions.findElement(ExpectedConditions.java:730)
	at org.openqa.selenium.support.ui.ExpectedConditions.access$000(ExpectedConditions.java:39)
	at org.openqa.selenium.support.ui.ExpectedConditions$3.apply(ExpectedConditions.java:106)
	at org.openqa.selenium.support.ui.ExpectedConditions$3.apply(ExpectedConditions.java:103)
	at org.openqa.selenium.support.ui.FluentWait.until(FluentWait.java:208)
	at com.quiksilver.util.CommonMethods.fromMiniCartToCart(CommonMethods.java:1592)
	at com.quiksilver.test.SearchForItemGuestCheckoutTest.searchForItemGetToCheckout(SearchForItemGuestCheckoutTest.java:57)
</failure>
    <system-out><![CDATA[Geo popup not triggered/present
NOT logged in. Logout link is not present 
After hitting ENTER on search
On subcategory page title is 'Sites-DC-US-Site - DC Shoes'
linkOmni.size()=50
]]></system-out>
    <system-err><![CDATA[Starting ChromeDrivero (v2b.9.2jc48307) on port[ 18155
8675]: Object 0xe1df90 of class NSThread autoreleased with no pool in place - just leaking - break on objc_autoreleaseNoPool() to debug
]]></system-err>
  </testcase>
  <testcase name="searchForItemGuestCheckout" classname="com.quiksilver.test.SearchForItemGuestCheckoutTest" time="0">
    <skipped/>
  </testcase>
  <testcase name="testSignedInAddToCartContinueShopping" classname="com.quiksilver.test.SignedInAddToCartContinueShoppingCheckoutTest" time="2.293"/>
</testsuite>